[ 2017-09-25T20:38:59+08:00 ] 127.0.0.1 127.0.0.1 GET /index.php/Home
[ log ] www.tpshop.cn/index.php/Home [运行时间：1.120000s][吞吐率：0.89req/s] [内存消耗：3,094.52kb] [文件加载：58]
[ info ] [ LANG ] F:\phpStudy\WWW\TPshop\www\thinkphp\lang\zh-cn.php
[ info ] [ LANG ] F:\phpStudy\WWW\TPshop\www/application/lang\zh-cn.php
[ info ] [ ROUTE ] array (
  'type' => 'module',
  'module' => 
  array (
    0 => 'Home',
    1 => NULL,
    2 => NULL,
  ),
)
[ info ] [ HEADER ] array (
  'cookie' => 'thinkphp_show_page_trace=1|3; PHPSESSID=id0mh745s67ialim2b01gveuj2; admin_type=1; cn=0; workspaceParam=categoryList%7CGoods; thinkphp_show_page_trace=0|0; province_id=636; city_id=1188; district_id=1190; is_mobile=0',
  'accept-language' => 'zh-CN,zh;q=0.8',
  'accept-encoding' => 'gzip, deflate',
  'accept' => 'text/html,application/xhtml+xml,application/xml;q=0.9,image/webp,image/apng,*/*;q=0.8',
  'upgrade-insecure-requests' => '1',
  'user-agent' => 'Mozilla/5.0 (Windows NT 6.1; Win64; x64) AppleWebKit/537.36 (KHTML, like Gecko) Chrome/61.0.3163.79 Safari/537.36',
  'cache-control' => 'max-age=0',
  'connection' => 'close',
  'host' => 'www.tpshop.cn',
)
[ info ] [ PARAM ] array (
)
[ info ] [ LANG ] F:\phpStudy\WWW\TPshop\www/application/home\lang\zh-cn.php
[ info ] [ CACHE ] INIT File
[ info ] [ DB ] INIT mysql
[ info ] [ RUN ] app\home\controller\Index->index[ F:\phpStudy\WWW\TPshop\www\application\home\controller\Index.php ]
[ info ] [ LOG ] INIT File
[ sql ] [ DB ] CONNECT:[ UseTime:1.017000s ] mysql:dbname=tpshop;host=localhost;port=3306;charset=utf8
[ sql ] [ SQL ] SHOW COLUMNS FROM `tp_goods_category` [ RunTime:0.011000s ]
[ sql ] [ SQL ] SELECT * FROM `tp_goods_category` WHERE  (  is_show = 1 ) ORDER BY `sort_order` [ RunTime:0.004000s ]
[ sql ] [ SQL ] SHOW COLUMNS FROM `tp_brand` [ RunTime:0.010000s ]
[ sql ] [ SQL ] SELECT `id`,`name`,`parent_cat_id`,`logo`,`is_hot` FROM `tp_brand` WHERE  (  parent_cat_id>0 ) [ RunTime:0.001000s ]
[ sql ] [ SQL ] SHOW COLUMNS FROM `tp_users` [ RunTime:0.011000s ]
[ sql ] [ SQL ] INSERT INTO `tp_users` (`mobile` , `password` , `nickname` , `idcard`) VALUES ('17765119187' , '694c863ddb17207828a6b0666ba41b3f' , '手扶拖拉机' , '430621199304032710') [ RunTime:0.000000s ]

---------------------------------------------------------------
[ 2017-09-25T20:45:14+08:00 ] 127.0.0.1 127.0.0.1 GET /index.php/Home/user/login.html
[ log ] www.tpshop.cn/index.php/Home/user/login.html [运行时间：1.121000s][吞吐率：0.89req/s] [内存消耗：3,231.23kb] [文件加载：66]
[ info ] [ LANG ] F:\phpStudy\WWW\TPshop\www\thinkphp\lang\zh-cn.php
[ info ] [ LANG ] F:\phpStudy\WWW\TPshop\www/application/lang\zh-cn.php
[ info ] [ ROUTE ] array (
  'type' => 'module',
  'module' => 
  array (
    0 => 'Home',
    1 => 'user',
    2 => 'login',
  ),
)
[ info ] [ HEADER ] array (
  'cookie' => 'thinkphp_show_page_trace=0|4; thinkphp_show_page_trace=1|3; PHPSESSID=id0mh745s67ialim2b01gveuj2; admin_type=1; cn=0; workspaceParam=categoryList%7CGoods; thinkphp_show_page_trace=0|0; province_id=636; city_id=1188; district_id=1190; is_mobile=0',
  'accept-language' => 'zh-CN,zh;q=0.8',
  'accept-encoding' => 'gzip, deflate',
  'referer' => 'http://www.tpshop.cn/index.php',
  'accept' => 'text/html,application/xhtml+xml,application/xml;q=0.9,image/webp,image/apng,*/*;q=0.8',
  'upgrade-insecure-requests' => '1',
  'user-agent' => 'Mozilla/5.0 (Windows NT 6.1; Win64; x64) AppleWebKit/537.36 (KHTML, like Gecko) Chrome/61.0.3163.79 Safari/537.36',
  'connection' => 'close',
  'host' => 'www.tpshop.cn',
)
[ info ] [ PARAM ] array (
)
[ info ] [ LANG ] F:\phpStudy\WWW\TPshop\www/application/home\lang\zh-cn.php
[ info ] [ DB ] INIT mysql
[ info ] [ CACHE ] INIT File
[ info ] [ SESSION ] INIT array (
  'id' => '',
  'var_session_id' => '',
  'prefix' => 'think',
  'type' => '',
  'auto_start' => true,
)
[ info ] [ RUN ] app\home\controller\User->login[ F:\phpStudy\WWW\TPshop\www\application\home\controller\User.php ]
[ info ] [ VIEW ] ./template/pc/rainbow/user\login.html [ array (
  0 => 'action',
  1 => 'template_now_time',
  2 => 'goods_category_tree',
  3 => 'brand_list',
  4 => 'tpshop_config',
  5 => 'navigate_user',
  6 => 'referurl',
) ]
[ info ] [ LOG ] INIT File
[ sql ] [ DB ] CONNECT:[ UseTime:1.024000s ] mysql:dbname=tpshop;host=localhost;port=3306;charset=utf8
[ sql ] [ SQL ] SHOW COLUMNS FROM `tp_goods_category` [ RunTime:0.010000s ]
[ sql ] [ SQL ] SELECT * FROM `tp_goods_category` WHERE  (  is_show = 1 ) ORDER BY `sort_order` [ RunTime:0.004000s ]
[ sql ] [ SQL ] SHOW COLUMNS FROM `tp_brand` [ RunTime:0.010000s ]
[ sql ] [ SQL ] SELECT `id`,`name`,`parent_cat_id`,`logo`,`is_hot` FROM `tp_brand` WHERE  (  parent_cat_id>0 ) [ RunTime:0.000000s ]
[ sql ] [ SQL ] select * from `tp_article` where cat_id = 90  and is_open=1 limit 5 [ RunTime:0.001000s ]
[ sql ] [ SQL ] select * from `tp_article` where cat_id = 89  and is_open=1 limit 5 [ RunTime:0.000000s ]
[ error ] [8]未定义数组索引: login[F:\phpStudy\WWW\TPshop\www\application\home\common.php:24]
[ error ] [8]Use of undefined constant position - assumed 'position'[F:\phpStudy\WWW\TPshop\www\runtime\temp\4d211d6c10e983bcc646672bdfad1382.php:59]
[ error ] [8]Use of undefined constant pid - assumed 'pid'[F:\phpStudy\WWW\TPshop\www\runtime\temp\4d211d6c10e983bcc646672bdfad1382.php:59]
[ error ] [8]Use of undefined constant ad_link - assumed 'ad_link'[F:\phpStudy\WWW\TPshop\www\runtime\temp\4d211d6c10e983bcc646672bdfad1382.php:68]
[ error ] [8]Use of undefined constant ad_code - assumed 'ad_code'[F:\phpStudy\WWW\TPshop\www\runtime\temp\4d211d6c10e983bcc646672bdfad1382.php:69]
[ error ] [8]Use of undefined constant title - assumed 'title'[F:\phpStudy\WWW\TPshop\www\runtime\temp\4d211d6c10e983bcc646672bdfad1382.php:69]
[ error ] [8]未定义数组索引: title[F:\phpStudy\WWW\TPshop\www\runtime\temp\4d211d6c10e983bcc646672bdfad1382.php:69]
[ error ] [8]Use of undefined constant style - assumed 'style'[F:\phpStudy\WWW\TPshop\www\runtime\temp\4d211d6c10e983bcc646672bdfad1382.php:69]
[ error ] [8]未定义数组索引: style[F:\phpStudy\WWW\TPshop\www\runtime\temp\4d211d6c10e983bcc646672bdfad1382.php:69]
[ error ] [8]Use of undefined constant cat_name - assumed 'cat_name'[F:\phpStudy\WWW\TPshop\www\runtime\temp\4d211d6c10e983bcc646672bdfad1382.php:197]
[ error ] [8]Use of undefined constant article_id - assumed 'article_id'[F:\phpStudy\WWW\TPshop\www\runtime\temp\4d211d6c10e983bcc646672bdfad1382.php:208]
[ error ] [8]Use of undefined constant title - assumed 'title'[F:\phpStudy\WWW\TPshop\www\runtime\temp\4d211d6c10e983bcc646672bdfad1382.php:208]
[ error ] [8]Use of undefined constant article_id - assumed 'article_id'[F:\phpStudy\WWW\TPshop\www\runtime\temp\4d211d6c10e983bcc646672bdfad1382.php:208]
[ error ] [8]Use of undefined constant title - assumed 'title'[F:\phpStudy\WWW\TPshop\www\runtime\temp\4d211d6c10e983bcc646672bdfad1382.php:208]
[ error ] [8]Use of undefined constant article_id - assumed 'article_id'[F:\phpStudy\WWW\TPshop\www\runtime\temp\4d211d6c10e983bcc646672bdfad1382.php:208]
[ error ] [8]Use of undefined constant title - assumed 'title'[F:\phpStudy\WWW\TPshop\www\runtime\temp\4d211d6c10e983bcc646672bdfad1382.php:208]
[ error ] [8]Use of undefined constant article_id - assumed 'article_id'[F:\phpStudy\WWW\TPshop\www\runtime\temp\4d211d6c10e983bcc646672bdfad1382.php:208]
[ error ] [8]Use of undefined constant title - assumed 'title'[F:\phpStudy\WWW\TPshop\www\runtime\temp\4d211d6c10e983bcc646672bdfad1382.php:208]
[ error ] [8]Use of undefined constant article_id - assumed 'article_id'[F:\phpStudy\WWW\TPshop\www\runtime\temp\4d211d6c10e983bcc646672bdfad1382.php:208]
[ error ] [8]Use of undefined constant title - assumed 'title'[F:\phpStudy\WWW\TPshop\www\runtime\temp\4d211d6c10e983bcc646672bdfad1382.php:208]
[ error ] [8]Use of undefined constant cat_name - assumed 'cat_name'[F:\phpStudy\WWW\TPshop\www\runtime\temp\4d211d6c10e983bcc646672bdfad1382.php:197]
[ error ] [8]Use of undefined constant article_id - assumed 'article_id'[F:\phpStudy\WWW\TPshop\www\runtime\temp\4d211d6c10e983bcc646672bdfad1382.php:208]
[ error ] [8]Use of undefined constant title - assumed 'title'[F:\phpStudy\WWW\TPshop\www\runtime\temp\4d211d6c10e983bcc646672bdfad1382.php:208]
[ error ] [8]Use of undefined constant article_id - assumed 'article_id'[F:\phpStudy\WWW\TPshop\www\runtime\temp\4d211d6c10e983bcc646672bdfad1382.php:208]
[ error ] [8]Use of undefined constant title - assumed 'title'[F:\phpStudy\WWW\TPshop\www\runtime\temp\4d211d6c10e983bcc646672bdfad1382.php:208]
[ error ] [8]Use of undefined constant article_id - assumed 'article_id'[F:\phpStudy\WWW\TPshop\www\runtime\temp\4d211d6c10e983bcc646672bdfad1382.php:208]
[ error ] [8]Use of undefined constant title - assumed 'title'[F:\phpStudy\WWW\TPshop\www\runtime\temp\4d211d6c10e983bcc646672bdfad1382.php:208]
[ error ] [8]Use of undefined constant article_id - assumed 'article_id'[F:\phpStudy\WWW\TPshop\www\runtime\temp\4d211d6c10e983bcc646672bdfad1382.php:208]
[ error ] [8]Use of undefined constant title - assumed 'title'[F:\phpStudy\WWW\TPshop\www\runtime\temp\4d211d6c10e983bcc646672bdfad1382.php:208]
[ error ] [8]Use of undefined constant article_id - assumed 'article_id'[F:\phpStudy\WWW\TPshop\www\runtime\temp\4d211d6c10e983bcc646672bdfad1382.php:208]
[ error ] [8]Use of undefined constant title - assumed 'title'[F:\phpStudy\WWW\TPshop\www\runtime\temp\4d211d6c10e983bcc646672bdfad1382.php:208]
[ error ] [8]Use of undefined constant cat_name - assumed 'cat_name'[F:\phpStudy\WWW\TPshop\www\runtime\temp\4d211d6c10e983bcc646672bdfad1382.php:197]
[ error ] [8]Use of undefined constant article_id - assumed 'article_id'[F:\phpStudy\WWW\TPshop\www\runtime\temp\4d211d6c10e983bcc646672bdfad1382.php:208]
[ error ] [8]Use of undefined constant title - assumed 'title'[F:\phpStudy\WWW\TPshop\www\runtime\temp\4d211d6c10e983bcc646672bdfad1382.php:208]
[ error ] [8]Use of undefined constant article_id - assumed 'article_id'[F:\phpStudy\WWW\TPshop\www\runtime\temp\4d211d6c10e983bcc646672bdfad1382.php:208]
[ error ] [8]Use of undefined constant title - assumed 'title'[F:\phpStudy\WWW\TPshop\www\runtime\temp\4d211d6c10e983bcc646672bdfad1382.php:208]
[ error ] [8]Use of undefined constant cat_name - assumed 'cat_name'[F:\phpStudy\WWW\TPshop\www\runtime\temp\4d211d6c10e983bcc646672bdfad1382.php:197]
[ error ] [8]Use of undefined constant cat_name - assumed 'cat_name'[F:\phpStudy\WWW\TPshop\www\runtime\temp\4d211d6c10e983bcc646672bdfad1382.php:197]

---------------------------------------------------------------
[ 2017-09-25T20:45:14+08:00 ] 127.0.0.1 127.0.0.1 GET /index.php?m=Home&c=User&a=verify
[ log ] www.tpshop.cn/index.php?m=Home&c=User&a=verify [运行时间：0.066000s][吞吐率：15.15req/s] [内存消耗：3,139.98kb] [文件加载：62]
[ info ] [ LANG ] F:\phpStudy\WWW\TPshop\www\thinkphp\lang\zh-cn.php
[ info ] [ LANG ] F:\phpStudy\WWW\TPshop\www/application/lang\zh-cn.php
[ info ] [ ROUTE ] array (
  'type' => 'module',
  'module' => 
  array (
    0 => 'Home',
    1 => 'User',
    2 => 'verify',
  ),
)
[ info ] [ HEADER ] array (
  'cookie' => 'thinkphp_show_page_trace=1|3; PHPSESSID=id0mh745s67ialim2b01gveuj2; admin_type=1; cn=0; workspaceParam=categoryList%7CGoods; thinkphp_show_page_trace=0|0; province_id=636; city_id=1188; district_id=1190; is_mobile=0',
  'accept-language' => 'zh-CN,zh;q=0.8',
  'accept-encoding' => 'gzip, deflate',
  'referer' => 'http://www.tpshop.cn/index.php/Home/user/login.html',
  'accept' => 'image/webp,image/apng,image/*,*/*;q=0.8',
  'user-agent' => 'Mozilla/5.0 (Windows NT 6.1; Win64; x64) AppleWebKit/537.36 (KHTML, like Gecko) Chrome/61.0.3163.79 Safari/537.36',
  'connection' => 'close',
  'host' => 'www.tpshop.cn',
)
[ info ] [ PARAM ] array (
  'm' => 'Home',
  'c' => 'User',
  'a' => 'verify',
)
[ info ] [ LANG ] F:\phpStudy\WWW\TPshop\www/application/home\lang\zh-cn.php
[ info ] [ DB ] INIT mysql
[ info ] [ CACHE ] INIT File
[ info ] [ SESSION ] INIT array (
  'id' => '',
  'var_session_id' => '',
  'prefix' => 'think',
  'type' => '',
  'auto_start' => true,
)
[ info ] [ RUN ] app\home\controller\User->verify[ F:\phpStudy\WWW\TPshop\www\application\home\controller\User.php ]
[ info ] [ LOG ] INIT File
[ error ] [8]未定义数组索引: verify[F:\phpStudy\WWW\TPshop\www\application\home\common.php:24]
[ error ] [8]ob_clean(): failed to delete buffer. No buffer to delete[F:\phpStudy\WWW\TPshop\www\thinkphp\library\think\Verify.php:178]

---------------------------------------------------------------
[ 2017-09-25T20:45:26+08:00 ] 127.0.0.1 127.0.0.1 GET /index.php?m=Home&c=User&a=verify&r=0.8849669061123275
[ log ] www.tpshop.cn/index.php?m=Home&c=User&a=verify&r=0.8849669061123275 [运行时间：1.087000s][吞吐率：0.92req/s] [内存消耗：3,198.69kb] [文件加载：63]
[ info ] [ LANG ] F:\phpStudy\WWW\TPshop\www\thinkphp\lang\zh-cn.php
[ info ] [ LANG ] F:\phpStudy\WWW\TPshop\www/application/lang\zh-cn.php
[ info ] [ ROUTE ] array (
  'type' => 'module',
  'module' => 
  array (
    0 => 'Home',
    1 => 'User',
    2 => 'verify',
  ),
)
[ info ] [ HEADER ] array (
  'cookie' => 'thinkphp_show_page_trace=1|3; PHPSESSID=id0mh745s67ialim2b01gveuj2; admin_type=1; cn=0; workspaceParam=categoryList%7CGoods; thinkphp_show_page_trace=0|0; province_id=636; city_id=1188; district_id=1190; is_mobile=0',
  'accept-language' => 'zh-CN,zh;q=0.8',
  'accept-encoding' => 'gzip, deflate',
  'referer' => 'http://www.tpshop.cn/index.php/Home/user/login.html',
  'accept' => 'image/webp,image/apng,image/*,*/*;q=0.8',
  'user-agent' => 'Mozilla/5.0 (Windows NT 6.1; Win64; x64) AppleWebKit/537.36 (KHTML, like Gecko) Chrome/61.0.3163.79 Safari/537.36',
  'connection' => 'close',
  'host' => 'www.tpshop.cn',
)
[ info ] [ PARAM ] array (
  'm' => 'Home',
  'c' => 'User',
  'a' => 'verify',
  'r' => '0.8849669061123275',
)
[ info ] [ LANG ] F:\phpStudy\WWW\TPshop\www/application/home\lang\zh-cn.php
[ info ] [ DB ] INIT mysql
[ info ] [ CACHE ] INIT File
[ info ] [ SESSION ] INIT array (
  'id' => '',
  'var_session_id' => '',
  'prefix' => 'think',
  'type' => '',
  'auto_start' => true,
)
[ info ] [ RUN ] app\home\controller\User->verify[ F:\phpStudy\WWW\TPshop\www\application\home\controller\User.php ]
[ info ] [ LOG ] INIT File
[ sql ] [ DB ] CONNECT:[ UseTime:1.003000s ] mysql:dbname=tpshop;host=localhost;port=3306;charset=utf8
[ sql ] [ SQL ] SHOW COLUMNS FROM `tp_goods_category` [ RunTime:0.010000s ]
[ sql ] [ SQL ] SELECT * FROM `tp_goods_category` WHERE  (  is_show = 1 ) ORDER BY `sort_order` [ RunTime:0.004000s ]
[ sql ] [ SQL ] SHOW COLUMNS FROM `tp_brand` [ RunTime:0.010000s ]
[ sql ] [ SQL ] SELECT `id`,`name`,`parent_cat_id`,`logo`,`is_hot` FROM `tp_brand` WHERE  (  parent_cat_id>0 ) [ RunTime:0.000000s ]
[ error ] [8]未定义数组索引: verify[F:\phpStudy\WWW\TPshop\www\application\home\common.php:24]
[ error ] [8]ob_clean(): failed to delete buffer. No buffer to delete[F:\phpStudy\WWW\TPshop\www\thinkphp\library\think\Verify.php:178]

---------------------------------------------------------------
[ 2017-09-25T20:45:26+08:00 ] 127.0.0.1 127.0.0.1 GET /index.php?m=Home&c=User&a=verify&r=0.768745918869953
[ log ] www.tpshop.cn/index.php?m=Home&c=User&a=verify&r=0.768745918869953 [运行时间：0.054000s][吞吐率：18.52req/s] [内存消耗：3,140.32kb] [文件加载：62]
[ info ] [ LANG ] F:\phpStudy\WWW\TPshop\www\thinkphp\lang\zh-cn.php
[ info ] [ LANG ] F:\phpStudy\WWW\TPshop\www/application/lang\zh-cn.php
[ info ] [ ROUTE ] array (
  'type' => 'module',
  'module' => 
  array (
    0 => 'Home',
    1 => 'User',
    2 => 'verify',
  ),
)
[ info ] [ HEADER ] array (
  'cookie' => 'thinkphp_show_page_trace=1|3; PHPSESSID=id0mh745s67ialim2b01gveuj2; admin_type=1; cn=0; workspaceParam=categoryList%7CGoods; thinkphp_show_page_trace=0|0; province_id=636; city_id=1188; district_id=1190; is_mobile=0',
  'accept-language' => 'zh-CN,zh;q=0.8',
  'accept-encoding' => 'gzip, deflate',
  'referer' => 'http://www.tpshop.cn/index.php/Home/user/login.html',
  'accept' => 'image/webp,image/apng,image/*,*/*;q=0.8',
  'user-agent' => 'Mozilla/5.0 (Windows NT 6.1; Win64; x64) AppleWebKit/537.36 (KHTML, like Gecko) Chrome/61.0.3163.79 Safari/537.36',
  'connection' => 'close',
  'host' => 'www.tpshop.cn',
)
[ info ] [ PARAM ] array (
  'm' => 'Home',
  'c' => 'User',
  'a' => 'verify',
  'r' => '0.768745918869953',
)
[ info ] [ LANG ] F:\phpStudy\WWW\TPshop\www/application/home\lang\zh-cn.php
[ info ] [ DB ] INIT mysql
[ info ] [ CACHE ] INIT File
[ info ] [ SESSION ] INIT array (
  'id' => '',
  'var_session_id' => '',
  'prefix' => 'think',
  'type' => '',
  'auto_start' => true,
)
[ info ] [ RUN ] app\home\controller\User->verify[ F:\phpStudy\WWW\TPshop\www\application\home\controller\User.php ]
[ info ] [ LOG ] INIT File
[ error ] [8]未定义数组索引: verify[F:\phpStudy\WWW\TPshop\www\application\home\common.php:24]
[ error ] [8]ob_clean(): failed to delete buffer. No buffer to delete[F:\phpStudy\WWW\TPshop\www\thinkphp\library\think\Verify.php:178]

---------------------------------------------------------------
[ 2017-09-25T20:45:33+08:00 ] 127.0.0.1 127.0.0.1 POST /index.php?m=Home&c=User&a=do_login&t=0.19617857544616868
[ log ] www.tpshop.cn/index.php?m=Home&c=User&a=do_login&t=0.19617857544616868 [运行时间：1.134000s][吞吐率：0.88req/s] [内存消耗：3,738.27kb] [文件加载：67]
[ info ] [ LANG ] F:\phpStudy\WWW\TPshop\www\thinkphp\lang\zh-cn.php
[ info ] [ LANG ] F:\phpStudy\WWW\TPshop\www/application/lang\zh-cn.php
[ info ] [ ROUTE ] array (
  'type' => 'module',
  'module' => 
  array (
    0 => 'Home',
    1 => 'User',
    2 => 'do_login',
  ),
)
[ info ] [ HEADER ] array (
  'cookie' => 'thinkphp_show_page_trace=1|3; PHPSESSID=id0mh745s67ialim2b01gveuj2; admin_type=1; cn=0; workspaceParam=categoryList%7CGoods; thinkphp_show_page_trace=0|0; province_id=636; city_id=1188; district_id=1190; is_mobile=0',
  'accept-language' => 'zh-CN,zh;q=0.8',
  'accept-encoding' => 'gzip, deflate',
  'referer' => 'http://www.tpshop.cn/index.php/Home/user/login.html',
  'content-type' => 'application/x-www-form-urlencoded; charset=UTF-8',
  'user-agent' => 'Mozilla/5.0 (Windows NT 6.1; Win64; x64) AppleWebKit/537.36 (KHTML, like Gecko) Chrome/61.0.3163.79 Safari/537.36',
  'x-requested-with' => 'XMLHttpRequest',
  'origin' => 'http://www.tpshop.cn',
  'accept' => 'application/json, text/javascript, */*; q=0.01',
  'content-length' => '55',
  'connection' => 'close',
  'host' => 'www.tpshop.cn',
)
[ info ] [ PARAM ] array (
  'm' => 'Home',
  'c' => 'User',
  'a' => 'do_login',
  't' => '0.19617857544616868',
  'mobile' => '17765119187',
  'password' => 'yuliang123',
  'verify_code' => 'HDKK',
)
[ info ] [ LANG ] F:\phpStudy\WWW\TPshop\www/application/home\lang\zh-cn.php
[ info ] [ DB ] INIT mysql
[ info ] [ CACHE ] INIT File
[ info ] [ SESSION ] INIT array (
  'id' => '',
  'var_session_id' => '',
  'prefix' => 'think',
  'type' => '',
  'auto_start' => true,
)
[ info ] [ RUN ] app\home\controller\User->do_login[ F:\phpStudy\WWW\TPshop\www\application\home\controller\User.php ]
[ info ] [ LOG ] INIT File
[ sql ] [ DB ] CONNECT:[ UseTime:1.009000s ] mysql:dbname=tpshop;host=localhost;port=3306;charset=utf8
[ sql ] [ SQL ] SHOW COLUMNS FROM `tp_goods_category` [ RunTime:0.010000s ]
[ sql ] [ SQL ] SELECT * FROM `tp_goods_category` WHERE  (  is_show = 1 ) ORDER BY `sort_order` [ RunTime:0.004000s ]
[ sql ] [ SQL ] SHOW COLUMNS FROM `tp_brand` [ RunTime:0.010000s ]
[ sql ] [ SQL ] SELECT `id`,`name`,`parent_cat_id`,`logo`,`is_hot` FROM `tp_brand` WHERE  (  parent_cat_id>0 ) [ RunTime:0.000000s ]
[ sql ] [ SQL ] SHOW COLUMNS FROM `tp_users` [ RunTime:0.010000s ]
[ sql ] [ SQL ] SELECT * FROM `tp_users` WHERE  `mobile` = '17765119187' LIMIT 1 [ RunTime:0.002000s ]
[ sql ] [ SQL ] SHOW COLUMNS FROM `tp_user_level` [ RunTime:0.011000s ]
[ sql ] [ SQL ] SELECT `level_name` FROM `tp_user_level` WHERE  `level_id` = 1 LIMIT 1 [ RunTime:0.001000s ]
[ sql ] [ SQL ] SHOW COLUMNS FROM `tp_cart` [ RunTime:0.010000s ]
[ sql ] [ SQL ] UPDATE `tp_cart`  SET `user_id`=2601  WHERE  `session_id` = 'id0mh745s67ialim2b01gveuj2'  AND `user_id` = 0 [ RunTime:0.000000s ]
[ sql ] [ SQL ] SELECT `id` FROM `tp_cart` WHERE  `user_id` = 2601 GROUP BY goods_id,spec_key HAVING count(goods_id) > 1 [ RunTime:0.001000s ]
[ error ] [8]未定义数组索引: do_login[F:\phpStudy\WWW\TPshop\www\application\home\common.php:24]

---------------------------------------------------------------
[ 2017-09-25T20:45:35+08:00 ] 127.0.0.1 127.0.0.1 GET /index.php/Home/user/login.html
[ log ] www.tpshop.cn/index.php/Home/user/login.html [运行时间：1.094000s][吞吐率：0.91req/s] [内存消耗：3,490.29kb] [文件加载：68]
[ info ] [ LANG ] F:\phpStudy\WWW\TPshop\www\thinkphp\lang\zh-cn.php
[ info ] [ LANG ] F:\phpStudy\WWW\TPshop\www/application/lang\zh-cn.php
[ info ] [ ROUTE ] array (
  'type' => 'module',
  'module' => 
  array (
    0 => 'Home',
    1 => 'user',
    2 => 'login',
  ),
)
[ info ] [ HEADER ] array (
  'cookie' => 'thinkphp_show_page_trace=0|4; thinkphp_show_page_trace=1|3; PHPSESSID=id0mh745s67ialim2b01gveuj2; admin_type=1; workspaceParam=categoryList%7CGoods; thinkphp_show_page_trace=0|0; province_id=636; city_id=1188; district_id=1190; is_mobile=0; user_id=2601; is_distribut=0; uname=%25E6%2589%258B%25E6%2589%25B6%25E6%258B%2596%25E6%258B%2589%25E6%259C%25BA',
  'accept-language' => 'zh-CN,zh;q=0.8',
  'accept-encoding' => 'gzip, deflate',
  'referer' => 'http://www.tpshop.cn/index.php/Home/user/login.html',
  'accept' => 'text/html,application/xhtml+xml,application/xml;q=0.9,image/webp,image/apng,*/*;q=0.8',
  'user-agent' => 'Mozilla/5.0 (Windows NT 6.1; Win64; x64) AppleWebKit/537.36 (KHTML, like Gecko) Chrome/61.0.3163.79 Safari/537.36',
  'upgrade-insecure-requests' => '1',
  'connection' => 'close',
  'host' => 'www.tpshop.cn',
)
[ info ] [ PARAM ] array (
)
[ info ] [ LANG ] F:\phpStudy\WWW\TPshop\www/application/home\lang\zh-cn.php
[ info ] [ DB ] INIT mysql
[ info ] [ CACHE ] INIT File
[ info ] [ SESSION ] INIT array (
  'id' => '',
  'var_session_id' => '',
  'prefix' => 'think',
  'type' => '',
  'auto_start' => true,
)
[ info ] [ RUN ] app\home\controller\User->login[ F:\phpStudy\WWW\TPshop\www\application\home\controller\User.php ]
[ info ] [ LOG ] INIT File
[ sql ] [ DB ] CONNECT:[ UseTime:0.994000s ] mysql:dbname=tpshop;host=localhost;port=3306;charset=utf8
[ sql ] [ SQL ] SHOW COLUMNS FROM `tp_users` [ RunTime:0.009000s ]
[ sql ] [ SQL ] SELECT * FROM `tp_users` WHERE  `user_id` = 2601 LIMIT 1 [ RunTime:0.001000s ]
[ sql ] [ SQL ] SHOW COLUMNS FROM `tp_user_message` [ RunTime:0.010000s ]
[ sql ] [ SQL ] SELECT COUNT(*) AS tp_count FROM `tp_user_message` `um` LEFT JOIN `tp_message` `m` ON `um`.`message_id`=`m`.`message_id` WHERE  `um`.`user_id` = 2601  AND `um`.`status` = 0 LIMIT 1 [ RunTime:0.001000s ]
[ error ] [8]未定义数组索引: login[F:\phpStudy\WWW\TPshop\www\application\home\common.php:24]

---------------------------------------------------------------
[ 2017-09-25T20:45:36+08:00 ] 127.0.0.1 127.0.0.1 GET /index.php/Home/User/index.html
[ log ] www.tpshop.cn/index.php/Home/User/index.html [运行时间：1.277000s][吞吐率：0.78req/s] [内存消耗：4,069.15kb] [文件加载：73]
[ info ] [ LANG ] F:\phpStudy\WWW\TPshop\www\thinkphp\lang\zh-cn.php
[ info ] [ LANG ] F:\phpStudy\WWW\TPshop\www/application/lang\zh-cn.php
[ info ] [ ROUTE ] array (
  'type' => 'module',
  'module' => 
  array (
    0 => 'Home',
    1 => 'User',
    2 => 'index',
  ),
)
[ info ] [ HEADER ] array (
  'cookie' => 'thinkphp_show_page_trace=0|0; thinkphp_show_page_trace=1|3; PHPSESSID=id0mh745s67ialim2b01gveuj2; admin_type=1; workspaceParam=categoryList%7CGoods; thinkphp_show_page_trace=0|0; province_id=636; city_id=1188; district_id=1190; user_id=2601; is_distribut=0; uname=%25E6%2589%258B%25E6%2589%25B6%25E6%258B%2596%25E6%258B%2589%25E6%259C%25BA; is_mobile=0',
  'accept-language' => 'zh-CN,zh;q=0.8',
  'accept-encoding' => 'gzip, deflate',
  'referer' => 'http://www.tpshop.cn/index.php/Home/user/login.html',
  'accept' => 'text/html,application/xhtml+xml,application/xml;q=0.9,image/webp,image/apng,*/*;q=0.8',
  'user-agent' => 'Mozilla/5.0 (Windows NT 6.1; Win64; x64) AppleWebKit/537.36 (KHTML, like Gecko) Chrome/61.0.3163.79 Safari/537.36',
  'upgrade-insecure-requests' => '1',
  'connection' => 'close',
  'host' => 'www.tpshop.cn',
)
[ info ] [ PARAM ] array (
)
[ info ] [ LANG ] F:\phpStudy\WWW\TPshop\www/application/home\lang\zh-cn.php
[ info ] [ DB ] INIT mysql
[ info ] [ CACHE ] INIT File
[ info ] [ SESSION ] INIT array (
  'id' => '',
  'var_session_id' => '',
  'prefix' => 'think',
  'type' => '',
  'auto_start' => true,
)
[ info ] [ RUN ] app\home\controller\User->index[ F:\phpStudy\WWW\TPshop\www\application\home\controller\User.php ]
[ info ] [ VIEW ] ./template/pc/rainbow/user\index.html [ array (
  0 => 'action',
  1 => 'template_now_time',
  2 => 'goods_category_tree',
  3 => 'brand_list',
  4 => 'tpshop_config',
  5 => 'user',
  6 => 'user_id',
  7 => 'user_message_count',
  8 => 'navigate_user',
  9 => 'level',
) ]
[ info ] [ LOG ] INIT File
[ sql ] [ DB ] CONNECT:[ UseTime:1.002000s ] mysql:dbname=tpshop;host=localhost;port=3306;charset=utf8
[ sql ] [ SQL ] SHOW COLUMNS FROM `tp_goods_category` [ RunTime:0.009000s ]
[ sql ] [ SQL ] SELECT * FROM `tp_goods_category` WHERE  (  is_show = 1 ) ORDER BY `sort_order` [ RunTime:0.005000s ]
[ sql ] [ SQL ] SHOW COLUMNS FROM `tp_brand` [ RunTime:0.007000s ]
[ sql ] [ SQL ] SELECT `id`,`name`,`parent_cat_id`,`logo`,`is_hot` FROM `tp_brand` WHERE  (  parent_cat_id>0 ) [ RunTime:0.001000s ]
[ sql ] [ SQL ] SHOW COLUMNS FROM `tp_users` [ RunTime:0.007000s ]
[ sql ] [ SQL ] SELECT * FROM `tp_users` WHERE  `user_id` = 2601 LIMIT 1 [ RunTime:0.001000s ]
[ sql ] [ SQL ] SHOW COLUMNS FROM `tp_user_message` [ RunTime:0.006000s ]
[ sql ] [ SQL ] SELECT COUNT(*) AS tp_count FROM `tp_user_message` `um` LEFT JOIN `tp_message` `m` ON `um`.`message_id`=`m`.`message_id` WHERE  `um`.`user_id` = 2601  AND `um`.`status` = 0 LIMIT 1 [ RunTime:0.000000s ]
[ sql ] [ SQL ] SELECT * FROM `tp_users` WHERE  `user_id` = 2601 LIMIT 1 [ RunTime:0.001000s ]
[ sql ] [ SQL ] SHOW COLUMNS FROM `tp_coupon_list` [ RunTime:0.010000s ]
[ sql ] [ SQL ] SELECT COUNT(*) AS tp_count FROM `tp_coupon_list` `l` INNER JOIN `tp_coupon` `c` ON `l`.`cid`=`c`.`id` WHERE  `l`.`uid` = 2601  AND `l`.`order_id` = 0  AND `c`.`use_end_time` > 1506343536  AND `c`.`status` = 1 LIMIT 1 [ RunTime:0.001000s ]
[ sql ] [ SQL ] SHOW COLUMNS FROM `tp_goods_collect` [ RunTime:0.010000s ]
[ sql ] [ SQL ] SELECT COUNT(*) AS tp_count FROM `tp_goods_collect` `c` INNER JOIN `tp_goods` `g` ON `g`.`goods_id`=`c`.`goods_id` WHERE  `user_id` = 2601 LIMIT 1 [ RunTime:0.000000s ]
[ sql ] [ SQL ] SHOW COLUMNS FROM `tp_return_goods` [ RunTime:0.011000s ]
[ sql ] [ SQL ] SELECT COUNT(*) AS tp_count FROM `tp_return_goods` WHERE  (  user_id=2601 and status<2 ) LIMIT 1 [ RunTime:0.000000s ]
[ sql ] [ SQL ] SHOW COLUMNS FROM `tp_order` [ RunTime:0.011000s ]
[ sql ] [ SQL ] SELECT COUNT(*) AS tp_count FROM `tp_order` WHERE  (  user_id = '2601'  AND pay_status = 0 AND order_status = 0 AND pay_code !="cod"  ) LIMIT 1 [ RunTime:0.000000s ]
[ sql ] [ SQL ] SELECT COUNT(*) AS tp_count FROM `tp_order` WHERE  (  user_id = '2601'  AND (pay_status=1 OR pay_code="cod") AND shipping_status !=1 AND order_status in(0,1)  ) LIMIT 1 [ RunTime:0.000000s ]
[ sql ] [ SQL ] SELECT COUNT(*) AS tp_count FROM `tp_order` WHERE  (  user_id = '2601'  AND shipping_status=1 AND order_status = 1  ) LIMIT 1 [ RunTime:0.000000s ]
[ sql ] [ SQL ] SHOW COLUMNS FROM `tp_comment` [ RunTime:0.010000s ]
[ sql ] [ SQL ] SELECT COUNT(*) AS tp_count FROM `tp_comment` `c` INNER JOIN `tp_order` `o` ON `o`.`order_id`=`c`.`order_id` INNER JOIN `tp_order_goods` `g` ON `c`.`goods_id`=g.goods_id AND c.order_id = g.order_id AND g.is_comment=1 WHERE  `c`.`user_id` = 2601 LIMIT 1 [ RunTime:0.000000s ]
[ sql ] [ SQL ] SHOW COLUMNS FROM `tp_order_goods` [ RunTime:0.011000s ]
[ sql ] [ SQL ] SELECT COUNT(*) AS tp_count FROM `tp_order_goods` `og` INNER JOIN `tp_order` `o` ON `o`.`order_id`=og.order_id AND o.user_id=2601 AND o.order_status IN (2,4) WHERE  `og`.`is_send` = 1  AND `og`.`is_comment` = 0 LIMIT 1 [ RunTime:0.000000s ]
[ sql ] [ SQL ] SHOW COLUMNS FROM `tp_user_level` [ RunTime:0.011000s ]
[ sql ] [ SQL ] SELECT * FROM `tp_user_level` [ RunTime:0.000000s ]
[ sql ] [ SQL ] select * from `tp_order` where user_id = 2601 order by order_id desc limit 1 [ RunTime:0.000000s ]
[ sql ] [ SQL ] select c.*,g.shop_price from tp_goods_collect c INNER JOIN tp_goods g on c.goods_id = g.goods_id  where c.user_id = 2601 order by collect_id desc limit 3 [ RunTime:0.000000s ]
[ sql ] [ SQL ] select l.*,c.condition,c.money from tp_coupon_list l INNER JOIN tp_coupon c on c.id = l.cid where l.uid = 2601 and  l.use_time = 0 and c.use_end_time > 1506343535  order by l.id desc limit 2 [ RunTime:0.000000s ]
[ sql ] [ SQL ] select * from `tp_article` where cat_id = 90  and is_open=1 limit 5 [ RunTime:0.001000s ]
[ sql ] [ SQL ] select * from `tp_article` where cat_id = 89  and is_open=1 limit 5 [ RunTime:0.000000s ]
[ error ] [8]Use of undefined constant cat_name - assumed 'cat_name'[F:\phpStudy\WWW\TPshop\www\runtime\temp\22c1c349074398eebfad71b3676b5778.php:488]
[ error ] [8]Use of undefined constant article_id - assumed 'article_id'[F:\phpStudy\WWW\TPshop\www\runtime\temp\22c1c349074398eebfad71b3676b5778.php:499]
[ error ] [8]Use of undefined constant title - assumed 'title'[F:\phpStudy\WWW\TPshop\www\runtime\temp\22c1c349074398eebfad71b3676b5778.php:499]
[ error ] [8]Use of undefined constant article_id - assumed 'article_id'[F:\phpStudy\WWW\TPshop\www\runtime\temp\22c1c349074398eebfad71b3676b5778.php:499]
[ error ] [8]Use of undefined constant title - assumed 'title'[F:\phpStudy\WWW\TPshop\www\runtime\temp\22c1c349074398eebfad71b3676b5778.php:499]
[ error ] [8]Use of undefined constant article_id - assumed 'article_id'[F:\phpStudy\WWW\TPshop\www\runtime\temp\22c1c349074398eebfad71b3676b5778.php:499]
[ error ] [8]Use of undefined constant title - assumed 'title'[F:\phpStudy\WWW\TPshop\www\runtime\temp\22c1c349074398eebfad71b3676b5778.php:499]
[ error ] [8]Use of undefined constant article_id - assumed 'article_id'[F:\phpStudy\WWW\TPshop\www\runtime\temp\22c1c349074398eebfad71b3676b5778.php:499]
[ error ] [8]Use of undefined constant title - assumed 'title'[F:\phpStudy\WWW\TPshop\www\runtime\temp\22c1c349074398eebfad71b3676b5778.php:499]
[ error ] [8]Use of undefined constant article_id - assumed 'article_id'[F:\phpStudy\WWW\TPshop\www\runtime\temp\22c1c349074398eebfad71b3676b5778.php:499]
[ error ] [8]Use of undefined constant title - assumed 'title'[F:\phpStudy\WWW\TPshop\www\runtime\temp\22c1c349074398eebfad71b3676b5778.php:499]
[ error ] [8]Use of undefined constant cat_name - assumed 'cat_name'[F:\phpStudy\WWW\TPshop\www\runtime\temp\22c1c349074398eebfad71b3676b5778.php:488]
[ error ] [8]Use of undefined constant article_id - assumed 'article_id'[F:\phpStudy\WWW\TPshop\www\runtime\temp\22c1c349074398eebfad71b3676b5778.php:499]
[ error ] [8]Use of undefined constant title - assumed 'title'[F:\phpStudy\WWW\TPshop\www\runtime\temp\22c1c349074398eebfad71b3676b5778.php:499]
[ error ] [8]Use of undefined constant article_id - assumed 'article_id'[F:\phpStudy\WWW\TPshop\www\runtime\temp\22c1c349074398eebfad71b3676b5778.php:499]
[ error ] [8]Use of undefined constant title - assumed 'title'[F:\phpStudy\WWW\TPshop\www\runtime\temp\22c1c349074398eebfad71b3676b5778.php:499]
[ error ] [8]Use of undefined constant article_id - assumed 'article_id'[F:\phpStudy\WWW\TPshop\www\runtime\temp\22c1c349074398eebfad71b3676b5778.php:499]
[ error ] [8]Use of undefined constant title - assumed 'title'[F:\phpStudy\WWW\TPshop\www\runtime\temp\22c1c349074398eebfad71b3676b5778.php:499]
[ error ] [8]Use of undefined constant article_id - assumed 'article_id'[F:\phpStudy\WWW\TPshop\www\runtime\temp\22c1c349074398eebfad71b3676b5778.php:499]
[ error ] [8]Use of undefined constant title - assumed 'title'[F:\phpStudy\WWW\TPshop\www\runtime\temp\22c1c349074398eebfad71b3676b5778.php:499]
[ error ] [8]Use of undefined constant article_id - assumed 'article_id'[F:\phpStudy\WWW\TPshop\www\runtime\temp\22c1c349074398eebfad71b3676b5778.php:499]
[ error ] [8]Use of undefined constant title - assumed 'title'[F:\phpStudy\WWW\TPshop\www\runtime\temp\22c1c349074398eebfad71b3676b5778.php:499]
[ error ] [8]Use of undefined constant cat_name - assumed 'cat_name'[F:\phpStudy\WWW\TPshop\www\runtime\temp\22c1c349074398eebfad71b3676b5778.php:488]
[ error ] [8]Use of undefined constant article_id - assumed 'article_id'[F:\phpStudy\WWW\TPshop\www\runtime\temp\22c1c349074398eebfad71b3676b5778.php:499]
[ error ] [8]Use of undefined constant title - assumed 'title'[F:\phpStudy\WWW\TPshop\www\runtime\temp\22c1c349074398eebfad71b3676b5778.php:499]
[ error ] [8]Use of undefined constant article_id - assumed 'article_id'[F:\phpStudy\WWW\TPshop\www\runtime\temp\22c1c349074398eebfad71b3676b5778.php:499]
[ error ] [8]Use of undefined constant title - assumed 'title'[F:\phpStudy\WWW\TPshop\www\runtime\temp\22c1c349074398eebfad71b3676b5778.php:499]
[ error ] [8]Use of undefined constant cat_name - assumed 'cat_name'[F:\phpStudy\WWW\TPshop\www\runtime\temp\22c1c349074398eebfad71b3676b5778.php:488]
[ error ] [8]Use of undefined constant cat_name - assumed 'cat_name'[F:\phpStudy\WWW\TPshop\www\runtime\temp\22c1c349074398eebfad71b3676b5778.php:488]

---------------------------------------------------------------
[ 2017-09-25T20:45:37+08:00 ] 127.0.0.1 127.0.0.1 GET /template/pc/rainbow/static/images/account-s5559bf6e3d.png
[ log ] www.tpshop.cn/template/pc/rainbow/static/images/account-s5559bf6e3d.png [运行时间：0.034000s][吞吐率：29.41req/s] [内存消耗：1,402.02kb] [文件加载：43]
[ info ] [ LANG ] F:\phpStudy\WWW\TPshop\www\thinkphp\lang\zh-cn.php
[ info ] [ LANG ] F:\phpStudy\WWW\TPshop\www/application/lang\zh-cn.php
[ info ] [ ROUTE ] array (
  'type' => 'module',
  'module' => 
  array (
    0 => 'template',
    1 => 'pc',
    2 => 'rainbow',
  ),
)
[ info ] [ HEADER ] array (
  'cookie' => 'PHPSESSID=id0mh745s67ialim2b01gveuj2; admin_type=1; workspaceParam=categoryList%7CGoods; thinkphp_show_page_trace=0|0; province_id=636; city_id=1188; district_id=1190; user_id=2601; is_distribut=0; uname=%25E6%2589%258B%25E6%2589%25B6%25E6%258B%2596%25E6%258B%2589%25E6%259C%25BA; is_mobile=0',
  'accept-language' => 'zh-CN,zh;q=0.8',
  'accept-encoding' => 'gzip, deflate',
  'referer' => 'http://www.tpshop.cn/template/pc/rainbow/static/css/myaccount.css',
  'accept' => 'image/webp,image/apng,image/*,*/*;q=0.8',
  'user-agent' => 'Mozilla/5.0 (Windows NT 6.1; Win64; x64) AppleWebKit/537.36 (KHTML, like Gecko) Chrome/61.0.3163.79 Safari/537.36',
  'connection' => 'close',
  'host' => 'www.tpshop.cn',
)
[ info ] [ PARAM ] array (
  'static' => 'images',
)
[ info ] [ LOG ] INIT File

---------------------------------------------------------------
[ 2017-09-25T20:45:37+08:00 ] 127.0.0.1 127.0.0.1 GET /index.php?m=Home&c=Goods&a=getRegion
[ log ] www.tpshop.cn/index.php?m=Home&c=Goods&a=getRegion [运行时间：1.412000s][吞吐率：0.71req/s] [内存消耗：3,472.59kb] [文件加载：61]
[ info ] [ LANG ] F:\phpStudy\WWW\TPshop\www\thinkphp\lang\zh-cn.php
[ info ] [ LANG ] F:\phpStudy\WWW\TPshop\www/application/lang\zh-cn.php
[ info ] [ ROUTE ] array (
  'type' => 'module',
  'module' => 
  array (
    0 => 'Home',
    1 => 'Goods',
    2 => 'getRegion',
  ),
)
[ info ] [ HEADER ] array (
  'cookie' => 'thinkphp_show_page_trace=1|3; PHPSESSID=id0mh745s67ialim2b01gveuj2; admin_type=1; workspaceParam=categoryList%7CGoods; thinkphp_show_page_trace=0|0; province_id=636; city_id=1188; district_id=1190; user_id=2601; is_distribut=0; uname=%25E6%2589%258B%25E6%2589%25B6%25E6%258B%2596%25E6%258B%2589%25E6%259C%25BA; is_mobile=0',
  'accept-language' => 'zh-CN,zh;q=0.8',
  'accept-encoding' => 'gzip, deflate',
  'referer' => 'http://www.tpshop.cn/index.php/Home/User/index.html',
  'user-agent' => 'Mozilla/5.0 (Windows NT 6.1; Win64; x64) AppleWebKit/537.36 (KHTML, like Gecko) Chrome/61.0.3163.79 Safari/537.36',
  'x-requested-with' => 'XMLHttpRequest',
  'accept' => 'application/json, text/javascript, */*; q=0.01',
  'connection' => 'close',
  'host' => 'www.tpshop.cn',
)
[ info ] [ PARAM ] array (
  'm' => 'Home',
  'c' => 'Goods',
  'a' => 'getRegion',
)
[ info ] [ LANG ] F:\phpStudy\WWW\TPshop\www/application/home\lang\zh-cn.php
[ info ] [ DB ] INIT mysql
[ info ] [ CACHE ] INIT File
[ info ] [ RUN ] app\home\controller\Goods->getRegion[ F:\phpStudy\WWW\TPshop\www\application\home\controller\Goods.php ]
[ info ] [ LOG ] INIT File
[ sql ] [ DB ] CONNECT:[ UseTime:1.011000s ] mysql:dbname=tpshop;host=localhost;port=3306;charset=utf8
[ sql ] [ SQL ] SHOW COLUMNS FROM `tp_region` [ RunTime:0.008000s ]
[ sql ] [ SQL ] SELECT `id`,`name` FROM `tp_region` WHERE  `level` = 1 [ RunTime:0.007000s ]
[ sql ] [ SQL ] SELECT `id`,`name` FROM `tp_region` WHERE  `parent_id` = 1 ORDER BY id asc [ RunTime:0.007000s ]
[ sql ] [ SQL ] SELECT `id`,`name` FROM `tp_region` WHERE  `parent_id` = 338 ORDER BY id asc [ RunTime:0.006000s ]
[ sql ] [ SQL ] SELECT `id`,`name` FROM `tp_region` WHERE  `parent_id` = 636 ORDER BY id asc [ RunTime:0.010000s ]
[ sql ] [ SQL ] SELECT `id`,`name` FROM `tp_region` WHERE  `parent_id` = 3102 ORDER BY id asc [ RunTime:0.009000s ]
[ sql ] [ SQL ] SELECT `id`,`name` FROM `tp_region` WHERE  `parent_id` = 4670 ORDER BY id asc [ RunTime:0.008000s ]
[ sql ] [ SQL ] SELECT `id`,`name` FROM `tp_region` WHERE  `parent_id` = 5827 ORDER BY id asc [ RunTime:0.007000s ]
[ sql ] [ SQL ] SELECT `id`,`name` FROM `tp_region` WHERE  `parent_id` = 7531 ORDER BY id asc [ RunTime:0.007000s ]
[ sql ] [ SQL ] SELECT `id`,`name` FROM `tp_region` WHERE  `parent_id` = 8558 ORDER BY id asc [ RunTime:0.008000s ]
[ sql ] [ SQL ] SELECT `id`,`name` FROM `tp_region` WHERE  `parent_id` = 10543 ORDER BY id asc [ RunTime:0.011000s ]
[ sql ] [ SQL ] SELECT `id`,`name` FROM `tp_region` WHERE  `parent_id` = 10808 ORDER BY id asc [ RunTime:0.007000s ]
[ sql ] [ SQL ] SELECT `id`,`name` FROM `tp_region` WHERE  `parent_id` = 12596 ORDER BY id asc [ RunTime:0.007000s ]
[ sql ] [ SQL ] SELECT `id`,`name` FROM `tp_region` WHERE  `parent_id` = 14234 ORDER BY id asc [ RunTime:0.007000s ]
[ sql ] [ SQL ] SELECT `id`,`name` FROM `tp_region` WHERE  `parent_id` = 16068 ORDER BY id asc [ RunTime:0.007000s ]
[ sql ] [ SQL ] SELECT `id`,`name` FROM `tp_region` WHERE  `parent_id` = 17359 ORDER BY id asc [ RunTime:0.006000s ]
[ sql ] [ SQL ] SELECT `id`,`name` FROM `tp_region` WHERE  `parent_id` = 19280 ORDER BY id asc [ RunTime:0.009000s ]
[ sql ] [ SQL ] SELECT `id`,`name` FROM `tp_region` WHERE  `parent_id` = 21387 ORDER BY id asc [ RunTime:0.008000s ]
[ sql ] [ SQL ] SELECT `id`,`name` FROM `tp_region` WHERE  `parent_id` = 24022 ORDER BY id asc [ RunTime:0.006000s ]
[ sql ] [ SQL ] SELECT `id`,`name` FROM `tp_region` WHERE  `parent_id` = 25579 ORDER BY id asc [ RunTime:0.008000s ]
[ sql ] [ SQL ] SELECT `id`,`name` FROM `tp_region` WHERE  `parent_id` = 28240 ORDER BY id asc [ RunTime:0.009000s ]
[ sql ] [ SQL ] SELECT `id`,`name` FROM `tp_region` WHERE  `parent_id` = 30164 ORDER BY id asc [ RunTime:0.006000s ]
[ sql ] [ SQL ] SELECT `id`,`name` FROM `tp_region` WHERE  `parent_id` = 31563 ORDER BY id asc [ RunTime:0.006000s ]
[ sql ] [ SQL ] SELECT `id`,`name` FROM `tp_region` WHERE  `parent_id` = 31929 ORDER BY id asc [ RunTime:0.007000s ]
[ sql ] [ SQL ] SELECT `id`,`name` FROM `tp_region` WHERE  `parent_id` = 33007 ORDER BY id asc [ RunTime:0.006000s ]
[ sql ] [ SQL ] SELECT `id`,`name` FROM `tp_region` WHERE  `parent_id` = 37906 ORDER BY id asc [ RunTime:0.008000s ]
[ sql ] [ SQL ] SELECT `id`,`name` FROM `tp_region` WHERE  `parent_id` = 39556 ORDER BY id asc [ RunTime:0.007000s ]
[ sql ] [ SQL ] SELECT `id`,`name` FROM `tp_region` WHERE  `parent_id` = 41103 ORDER BY id asc [ RunTime:0.007000s ]
[ sql ] [ SQL ] SELECT `id`,`name` FROM `tp_region` WHERE  `parent_id` = 41877 ORDER BY id asc [ RunTime:0.006000s ]
[ sql ] [ SQL ] SELECT `id`,`name` FROM `tp_region` WHERE  `parent_id` = 43776 ORDER BY id asc [ RunTime:0.007000s ]
[ sql ] [ SQL ] SELECT `id`,`name` FROM `tp_region` WHERE  `parent_id` = 45286 ORDER BY id asc [ RunTime:0.007000s ]
[ sql ] [ SQL ] SELECT `id`,`name` FROM `tp_region` WHERE  `parent_id` = 45753 ORDER BY id asc [ RunTime:0.006000s ]
[ sql ] [ SQL ] SELECT `id`,`name` FROM `tp_region` WHERE  `parent_id` = 46047 ORDER BY id asc [ RunTime:0.006000s ]
[ sql ] [ SQL ] SELECT `id`,`name` FROM `tp_region` WHERE  `parent_id` = 47493 ORDER BY id asc [ RunTime:0.007000s ]
[ sql ] [ SQL ] SELECT `id`,`name` FROM `tp_region` WHERE  `parent_id` = 47494 ORDER BY id asc [ RunTime:0.007000s ]
[ sql ] [ SQL ] SELECT `id`,`name` FROM `tp_region` WHERE  `parent_id` = 47495 ORDER BY id asc [ RunTime:0.006000s ]
[ error ] [8]未定义数组下标: 0[F:\phpStudy\WWW\TPshop\www\application\common\logic\GoodsLogic.php:491]
[ error ] [8]未定义数组下标: 0[F:\phpStudy\WWW\TPshop\www\application\common\logic\GoodsLogic.php:491]
[ error ] [8]未定义数组下标: 0[F:\phpStudy\WWW\TPshop\www\application\common\logic\GoodsLogic.php:491]

---------------------------------------------------------------
[ 2017-09-25T20:45:37+08:00 ] 127.0.0.1 127.0.0.1 GET /index.php?m=Home&c=Goods&a=getRegion
[ log ] www.tpshop.cn/index.php?m=Home&c=Goods&a=getRegion [运行时间：0.050000s][吞吐率：20.00req/s] [内存消耗：3,372.34kb] [文件加载：57]
[ info ] [ LANG ] F:\phpStudy\WWW\TPshop\www\thinkphp\lang\zh-cn.php
[ info ] [ LANG ] F:\phpStudy\WWW\TPshop\www/application/lang\zh-cn.php
[ info ] [ ROUTE ] array (
  'type' => 'module',
  'module' => 
  array (
    0 => 'Home',
    1 => 'Goods',
    2 => 'getRegion',
  ),
)
[ info ] [ HEADER ] array (
  'cookie' => 'thinkphp_show_page_trace=1|3; PHPSESSID=id0mh745s67ialim2b01gveuj2; admin_type=1; workspaceParam=categoryList%7CGoods; thinkphp_show_page_trace=0|0; province_id=636; city_id=1188; district_id=1190; user_id=2601; is_distribut=0; uname=%25E6%2589%258B%25E6%2589%25B6%25E6%258B%2596%25E6%258B%2589%25E6%259C%25BA; is_mobile=0',
  'accept-language' => 'zh-CN,zh;q=0.8',
  'accept-encoding' => 'gzip, deflate',
  'referer' => 'http://www.tpshop.cn/index.php/Home/User/index.html',
  'user-agent' => 'Mozilla/5.0 (Windows NT 6.1; Win64; x64) AppleWebKit/537.36 (KHTML, like Gecko) Chrome/61.0.3163.79 Safari/537.36',
  'x-requested-with' => 'XMLHttpRequest',
  'accept' => 'application/json, text/javascript, */*; q=0.01',
  'connection' => 'close',
  'host' => 'www.tpshop.cn',
)
[ info ] [ PARAM ] array (
  'm' => 'Home',
  'c' => 'Goods',
  'a' => 'getRegion',
)
[ info ] [ LANG ] F:\phpStudy\WWW\TPshop\www/application/home\lang\zh-cn.php
[ info ] [ DB ] INIT mysql
[ info ] [ CACHE ] INIT File
[ info ] [ RUN ] app\home\controller\Goods->getRegion[ F:\phpStudy\WWW\TPshop\www\application\home\controller\Goods.php ]
[ info ] [ LOG ] INIT File

---------------------------------------------------------------
[ 2017-09-25T20:45:38+08:00 ] 127.0.0.1 127.0.0.1 GET /index.php?m=Home&c=Cart&a=header_cart_list
[ log ] www.tpshop.cn/index.php?m=Home&c=Cart&a=header_cart_list [运行时间：1.119000s][吞吐率：0.89req/s] [内存消耗：3,615.25kb] [文件加载：74]
[ info ] [ LANG ] F:\phpStudy\WWW\TPshop\www\thinkphp\lang\zh-cn.php
[ info ] [ LANG ] F:\phpStudy\WWW\TPshop\www/application/lang\zh-cn.php
[ info ] [ ROUTE ] array (
  'type' => 'module',
  'module' => 
  array (
    0 => 'Home',
    1 => 'Cart',
    2 => 'header_cart_list',
  ),
)
[ info ] [ HEADER ] array (
  'cookie' => 'thinkphp_show_page_trace=1|3; PHPSESSID=id0mh745s67ialim2b01gveuj2; admin_type=1; workspaceParam=categoryList%7CGoods; thinkphp_show_page_trace=0|0; province_id=636; city_id=1188; district_id=1190; user_id=2601; is_distribut=0; uname=%25E6%2589%258B%25E6%2589%25B6%25E6%258B%2596%25E6%258B%2589%25E6%259C%25BA; is_mobile=0',
  'accept-language' => 'zh-CN,zh;q=0.8',
  'accept-encoding' => 'gzip, deflate',
  'referer' => 'http://www.tpshop.cn/index.php/Home/User/index.html',
  'user-agent' => 'Mozilla/5.0 (Windows NT 6.1; Win64; x64) AppleWebKit/537.36 (KHTML, like Gecko) Chrome/61.0.3163.79 Safari/537.36',
  'x-requested-with' => 'XMLHttpRequest',
  'accept' => '*/*',
  'connection' => 'close',
  'host' => 'www.tpshop.cn',
)
[ info ] [ PARAM ] array (
  'm' => 'Home',
  'c' => 'Cart',
  'a' => 'header_cart_list',
)
[ info ] [ LANG ] F:\phpStudy\WWW\TPshop\www/application/home\lang\zh-cn.php
[ info ] [ DB ] INIT mysql
[ info ] [ CACHE ] INIT File
[ info ] [ SESSION ] INIT array (
  'id' => '',
  'var_session_id' => '',
  'prefix' => 'think',
  'type' => '',
  'auto_start' => true,
)
[ info ] [ RUN ] app\home\controller\Cart->header_cart_list[ F:\phpStudy\WWW\TPshop\www\application\home\controller\Cart.php ]
[ info ] [ VIEW ] ./template/pc/rainbow/cart\header_cart_list.html [ array (
  0 => 'action',
  1 => 'template_now_time',
  2 => 'goods_category_tree',
  3 => 'brand_list',
  4 => 'tpshop_config',
  5 => 'user',
  6 => 'cartList',
  7 => 'cartPriceInfo',
) ]
[ info ] [ LOG ] INIT File
[ sql ] [ DB ] CONNECT:[ UseTime:1.019000s ] mysql:dbname=tpshop;host=localhost;port=3306;charset=utf8
[ sql ] [ SQL ] SHOW COLUMNS FROM `tp_users` [ RunTime:0.011000s ]
[ sql ] [ SQL ] SELECT * FROM `tp_users` WHERE  `user_id` = 2601 LIMIT 1 [ RunTime:0.001000s ]
[ sql ] [ SQL ] SHOW COLUMNS FROM `tp_cart` [ RunTime:0.010000s ]
[ sql ] [ SQL ] SELECT * FROM `tp_cart` WHERE  `user_id` = 2601 [ RunTime:0.001000s ]
[ error ] [8]Use of undefined constant goods_num - assumed 'goods_num'[F:\phpStudy\WWW\TPshop\www\runtime\temp\7537a0291d96d8d3ac283ca30ec1215a.php:49]

---------------------------------------------------------------
[ 2017-09-25T20:45:38+08:00 ] 127.0.0.1 127.0.0.1 GET /index.php?m=Home&c=Goods&callback=getAreaListcallback&a=region&fid=1188
[ log ] www.tpshop.cn/index.php?m=Home&c=Goods&callback=getAreaListcallback&a=region&fid=1188 [运行时间：1.074000s][吞吐率：0.93req/s] [内存消耗：2,905.95kb] [文件加载：56]
[ info ] [ LANG ] F:\phpStudy\WWW\TPshop\www\thinkphp\lang\zh-cn.php
[ info ] [ LANG ] F:\phpStudy\WWW\TPshop\www/application/lang\zh-cn.php
[ info ] [ ROUTE ] array (
  'type' => 'module',
  'module' => 
  array (
    0 => 'Home',
    1 => 'Goods',
    2 => 'region',
  ),
)
[ info ] [ HEADER ] array (
  'cookie' => 'thinkphp_show_page_trace=1|3; PHPSESSID=id0mh745s67ialim2b01gveuj2; admin_type=1; workspaceParam=categoryList%7CGoods; thinkphp_show_page_trace=0|0; province_id=636; city_id=1188; district_id=1190; user_id=2601; is_distribut=0; uname=%25E6%2589%258B%25E6%2589%25B6%25E6%258B%2596%25E6%258B%2589%25E6%259C%25BA; is_mobile=0',
  'accept-language' => 'zh-CN,zh;q=0.8',
  'accept-encoding' => 'gzip, deflate',
  'referer' => 'http://www.tpshop.cn/index.php/Home/User/index.html',
  'accept' => '*/*',
  'user-agent' => 'Mozilla/5.0 (Windows NT 6.1; Win64; x64) AppleWebKit/537.36 (KHTML, like Gecko) Chrome/61.0.3163.79 Safari/537.36',
  'connection' => 'close',
  'host' => 'www.tpshop.cn',
)
[ info ] [ PARAM ] array (
  'm' => 'Home',
  'c' => 'Goods',
  'callback' => 'getAreaListcallback',
  'a' => 'region',
  'fid' => '1188',
)
[ info ] [ LANG ] F:\phpStudy\WWW\TPshop\www/application/home\lang\zh-cn.php
[ info ] [ DB ] INIT mysql
[ info ] [ CACHE ] INIT File
[ info ] [ RUN ] app\home\controller\Goods->region[ F:\phpStudy\WWW\TPshop\www\application\home\controller\Goods.php ]
[ info ] [ LOG ] INIT File
[ sql ] [ DB ] CONNECT:[ UseTime:1.008000s ] mysql:dbname=tpshop;host=localhost;port=3306;charset=utf8
[ sql ] [ SQL ] SHOW COLUMNS FROM `tp_region` [ RunTime:0.009000s ]
[ sql ] [ SQL ] SELECT `id`,`name` FROM `tp_region` WHERE  `parent_id` = 1188 [ RunTime:0.006000s ]

---------------------------------------------------------------
